TN:
SF:D:\Desktop\Angular\Angular8-EpamTraining\src\polyfills.ts
FNF:0
FNH:0
LF:0
LH:0
BRF:0
BRH:0
end_of_record
TN:
SF:D:\Desktop\Angular\Angular8-EpamTraining\src\test.ts
FNF:0
FNH:0
DA:13,1
DA:18,1
DA:20,1
LF:3
LH:3
BRF:0
BRH:0
end_of_record
TN:
SF:D:\Desktop\Angular\Angular8-EpamTraining\src\app\admin\orders\components\order\order.component.ts
FN:14,(anonymous_0)
FN:16,(anonymous_1)
FN:20,(anonymous_2)
FNF:3
FNH:3
FNDA:2,(anonymous_0)
FNDA:1,(anonymous_1)
FNDA:1,(anonymous_2)
DA:10,1
DA:14,2
DA:17,1
DA:21,1
LF:4
LH:4
BRF:0
BRH:0
end_of_record
TN:
SF:D:\Desktop\Angular\Angular8-EpamTraining\src\app\cart\cart.config.ts
FNF:0
FNH:0
DA:3,1
DA:4,1
DA:6,1
LF:3
LH:3
BRF:0
BRH:0
end_of_record
TN:
SF:D:\Desktop\Angular\Angular8-EpamTraining\src\app\cart\components\cart-item\cart-item.component.ts
FN:4,(anonymous_0)
FN:17,(anonymous_1)
FN:22,(anonymous_2)
FN:26,(anonymous_3)
FN:30,(anonymous_4)
FN:37,(anonymous_5)
FNF:6
FNH:0
FNDA:0,(anonymous_0)
FNDA:0,(anonymous_1)
FNDA:0,(anonymous_2)
FNDA:0,(anonymous_3)
FNDA:0,(anonymous_4)
FNDA:0,(anonymous_5)
DA:9,1
DA:11,1
DA:13,1
DA:14,1
DA:15,1
DA:18,0
DA:19,0
DA:23,0
DA:27,0
DA:31,0
DA:34,0
DA:38,0
LF:12
LH:5
BRDA:19,0,0,0
BRDA:19,0,1,0
BRDA:32,1,0,0
BRDA:32,1,1,0
BRDA:32,2,0,0
BRDA:32,2,1,0
BRF:6
BRH:0
end_of_record
TN:
SF:D:\Desktop\Angular\Angular8-EpamTraining\src\app\cart\services\cart.service.ts
FN:21,(anonymous_0)
FN:34,(anonymous_1)
FN:44,(anonymous_2)
FN:54,(anonymous_3)
FN:55,(anonymous_4)
FN:58,(anonymous_5)
FN:59,(anonymous_6)
FN:74,(anonymous_7)
FN:89,(anonymous_8)
FN:101,(anonymous_9)
FN:113,(anonymous_10)
FN:115,(anonymous_11)
FN:129,(anonymous_12)
FN:130,(anonymous_13)
FN:134,(anonymous_14)
FN:135,(anonymous_15)
FN:139,(anonymous_16)
FNF:17
FNH:3
FNDA:2,(anonymous_0)
FNDA:1,(anonymous_1)
FNDA:1,(anonymous_2)
FNDA:0,(anonymous_3)
FNDA:0,(anonymous_4)
FNDA:0,(anonymous_5)
FNDA:0,(anonymous_6)
FNDA:0,(anonymous_7)
FNDA:0,(anonymous_8)
FNDA:0,(anonymous_9)
FNDA:0,(anonymous_10)
FNDA:0,(anonymous_11)
FNDA:0,(anonymous_12)
FNDA:0,(anonymous_13)
FNDA:0,(anonymous_14)
FNDA:0,(anonymous_15)
FNDA:0,(anonymous_16)
DA:19,1
DA:22,2
DA:23,2
DA:24,2
DA:27,2
DA:35,1
DA:41,1
DA:45,1
DA:47,1
DA:55,0
DA:59,0
DA:75,0
DA:76,0
DA:77,0
DA:78,0
DA:82,0
DA:90,0
DA:91,0
DA:92,0
DA:96,0
DA:102,0
DA:103,0
DA:104,0
DA:108,0
DA:117,0
DA:118,0
DA:122,0
DA:123,0
DA:126,0
DA:130,0
DA:131,0
DA:135,0
DA:136,0
DA:140,0
DA:141,0
LF:35
LH:9
BRDA:27,0,0,2
BRDA:27,0,1,2
BRDA:35,1,0,1
BRDA:35,1,1,1
BRDA:45,2,0,1
BRDA:45,2,1,1
BRDA:75,3,0,0
BRDA:75,3,1,0
BRDA:90,4,0,0
BRDA:90,4,1,0
BRDA:102,5,0,0
BRDA:102,5,1,0
BRDA:117,6,0,0
BRDA:117,6,1,0
BRF:14
BRH:6
end_of_record
TN:
SF:D:\Desktop\Angular\Angular8-EpamTraining\src\app\core\services\local-storage.service.ts
FN:8,(anonymous_0)
FN:13,(anonymous_1)
FN:17,(anonymous_2)
FNF:3
FNH:3
FNDA:1,(anonymous_0)
FNDA:3,(anonymous_1)
FNDA:1,(anonymous_2)
DA:6,1
DA:9,1
DA:10,1
DA:14,3
DA:18,1
LF:5
LH:5
BRDA:9,0,0,0
BRDA:9,0,1,1
BRF:2
BRH:1
end_of_record
TN:
SF:D:\Desktop\Angular\Angular8-EpamTraining\src\app\orders\models\order.model.ts
FN:8,(anonymous_0)
FNF:1
FNH:1
FNDA:3,(anonymous_0)
DA:9,3
DA:10,3
DA:11,3
DA:12,3
DA:13,3
DA:14,3
DA:15,3
DA:16,3
DA:17,3
LF:9
LH:9
BRDA:10,0,0,0
BRDA:11,1,0,0
BRDA:12,2,0,0
BRDA:13,3,0,1
BRDA:14,4,0,1
BRDA:15,5,0,1
BRDA:16,6,0,1
BRDA:17,7,0,1
BRF:8
BRH:5
end_of_record
TN:
SF:D:\Desktop\Angular\Angular8-EpamTraining\src\app\orders\services\order.service.ts
FN:10,(anonymous_0)
FN:14,(anonymous_1)
FN:18,(anonymous_2)
FN:23,(anonymous_3)
FNF:4
FNH:4
FNDA:1,(anonymous_0)
FNDA:1,(anonymous_1)
FNDA:1,(anonymous_2)
FNDA:1,(anonymous_3)
DA:8,1
DA:10,1
DA:12,1
DA:15,1
DA:19,1
DA:20,1
DA:24,1
DA:25,1
LF:8
LH:8
BRDA:12,0,0,1
BRDA:12,0,1,1
BRF:2
BRH:2
end_of_record
TN:
SF:D:\Desktop\Angular\Angular8-EpamTraining\src\app\products\components\product-component\product-component.component.ts
FN:4,(anonymous_0)
FN:15,(anonymous_1)
FN:19,(anonymous_2)
FNF:3
FNH:3
FNDA:4,(anonymous_0)
FNDA:1,(anonymous_1)
FNDA:4,(anonymous_2)
DA:9,1
DA:11,1
DA:13,4
DA:16,1
DA:20,4
DA:24,4
LF:6
LH:6
BRF:0
BRH:0
end_of_record
TN:
SF:D:\Desktop\Angular\Angular8-EpamTraining\src\app\products\models\product.model.ts
FN:13,(anonymous_0)
FNF:1
FNH:1
FNDA:1,(anonymous_0)
DA:14,1
DA:15,1
DA:16,1
DA:17,1
DA:18,1
DA:19,1
LF:6
LH:6
BRF:0
BRH:0
end_of_record
TN:
SF:D:\Desktop\Angular\Angular8-EpamTraining\src\app\shared\enums\enums.ts
FN:1,(anonymous_0)
FNF:1
FNH:1
FNDA:1,(anonymous_0)
DA:1,1
DA:2,1
DA:3,1
LF:3
LH:3
BRDA:1,0,0,1
BRDA:1,0,1,1
BRF:2
BRH:2
end_of_record
TN:
SF:D:\Desktop\Angular\Angular8-EpamTraining\src\app\shared\pipes\order-by.pipe.ts
FN:8,(anonymous_0)
FN:14,(anonymous_1)
FNF:2
FNH:2
FNDA:1,(anonymous_0)
FNDA:3,(anonymous_1)
DA:6,1
DA:10,1
DA:11,1
DA:12,0
DA:14,1
DA:15,3
DA:16,1
DA:17,2
DA:18,2
DA:20,0
DA:23,1
LF:11
LH:9
BRDA:10,0,0,1
BRDA:10,0,1,0
BRDA:11,1,0,0
BRDA:11,1,1,1
BRDA:15,2,0,1
BRDA:15,2,1,2
BRDA:17,3,0,2
BRDA:17,3,1,0
BRF:8
BRH:5
end_of_record
